<?xml version="1.0" encoding="UTF-8"?>
<testng-results ignored="0" total="1" passed="1" failed="0" skipped="0">
  <reporter-output>
  </reporter-output>
  <suite started-at="2024-05-13T11:40:43 IST" name="Default suite" finished-at="2024-05-13T11:40:43 IST" duration-ms="105">
    <groups>
    </groups>
    <test started-at="2024-05-13T11:40:43 IST" name="Default test" finished-at="2024-05-13T11:40:43 IST" duration-ms="105">
      <class name="testng.com.Inheritance_2">
        <test-method is-config="true" signature="parentmethod1()[pri:0, instance:testng.com.Inheritance_2@793f29ff]" started-at="2024-05-13T11:40:43 IST" name="parentmethod1" finished-at="2024-05-13T11:40:43 IST" duration-ms="11" status="PASS">
          <reporter-output>
          </reporter-output>
        </test-method> <!-- parentmethod1 -->
        <test-method signature="childmethod()[pri:0, instance:testng.com.Inheritance_2@793f29ff]" started-at="2024-05-13T11:40:43 IST" name="childmethod" finished-at="2024-05-13T11:40:43 IST" duration-ms="14" status="PASS">
          <reporter-output>
          </reporter-output>
        </test-method> <!-- childmethod -->
        <test-method is-config="true" signature="parentmethod2()[pri:0, instance:testng.com.Inheritance_2@793f29ff]" started-at="2024-05-13T11:40:43 IST" name="parentmethod2" finished-at="2024-05-13T11:40:43 IST" duration-ms="3" status="PASS">
          <reporter-output>
          </reporter-output>
        </test-method> <!-- parentmethod2 -->
      </class> <!-- testng.com.Inheritance_2 -->
    </test> <!-- Default test -->
  </suite> <!-- Default suite -->
</testng-results>
