<?xml version="1.0" encoding="UTF-8"?>
<testng-results ignored="0" total="13" passed="11" failed="1" skipped="1">
  <reporter-output>
  </reporter-output>
  <suite started-at="2024-03-26T01:05:14 IST" name="Myhotelai" finished-at="2024-03-26T01:05:14 IST" duration-ms="423">
    <groups>
    </groups>
    <test started-at="2024-03-26T01:05:14 IST" name="Users" finished-at="2024-03-26T01:05:14 IST" duration-ms="423">
      <class name="testng.com.Day1">
        <test-method signature="print()[pri:0, instance:testng.com.Day1@74e28667]" started-at="2024-03-26T01:05:14 IST" name="print" finished-at="2024-03-26T01:05:14 IST" duration-ms="34" status="PASS">
          <reporter-output>
          </reporter-output>
        </test-method> <!-- print -->
        <test-method signature="print1()[pri:0, instance:testng.com.Day1@74e28667]" started-at="2024-03-26T01:05:14 IST" name="print1" finished-at="2024-03-26T01:05:14 IST" duration-ms="2" status="PASS">
          <reporter-output>
          </reporter-output>
        </test-method> <!-- print1 -->
      </class> <!-- testng.com.Day1 -->
      <class name="testng.com.Day3">
        <test-method signature="deleteUser()[pri:0, instance:testng.com.Day3@8519cb4]" started-at="2024-03-26T01:05:14 IST" name="deleteUser" finished-at="2024-03-26T01:05:14 IST" duration-ms="3" status="PASS">
          <reporter-output>
          </reporter-output>
        </test-method> <!-- deleteUser -->
        <test-method is-config="true" signature="aftermethod()[pri:0, instance:testng.com.Day3@8519cb4]" started-at="2024-03-26T01:05:14 IST" name="aftermethod" finished-at="2024-03-26T01:05:14 IST" duration-ms="11" status="PASS">
          <reporter-output>
          </reporter-output>
        </test-method> <!-- aftermethod -->
        <test-method signature="viewUser()[pri:0, instance:testng.com.Day3@8519cb4]" started-at="2024-03-26T01:05:14 IST" name="viewUser" finished-at="2024-03-26T01:05:14 IST" duration-ms="21" status="FAIL">
          <exception class="java.lang.AssertionError">
            <message>
              <![CDATA[expected [true] but found [false]]]>
            </message>
            <full-stacktrace>
              <![CDATA[java.lang.AssertionError: expected [true] but found [false]
at org.testng.Assert.fail(Assert.java:111)
at org.testng.Assert.failNotEquals(Assert.java:1578)
at org.testng.Assert.assertTrue(Assert.java:57)
at org.testng.Assert.assertTrue(Assert.java:67)
at testng.com.Day3.viewUser(Day3.java:36)
at java.base/jdk.internal.reflect.NativeMethodAccessorImpl.invoke0(Native Method)
at java.base/jdk.internal.reflect.NativeMethodAccessorImpl.invoke(NativeMethodAccessorImpl.java:77)
at java.base/jdk.internal.reflect.DelegatingMethodAccessorImpl.invoke(DelegatingMethodAccessorImpl.java:43)
at java.base/java.lang.reflect.Method.invoke(Method.java:568)
at org.testng.internal.invokers.MethodInvocationHelper.invokeMethod(MethodInvocationHelper.java:139)
at org.testng.internal.invokers.TestInvoker.invokeMethod(TestInvoker.java:664)
at org.testng.internal.invokers.TestInvoker.invokeTestMethod(TestInvoker.java:228)
at org.testng.internal.invokers.MethodRunner.runInSequence(MethodRunner.java:63)
at org.testng.internal.invokers.TestInvoker$MethodInvocationAgent.invoke(TestInvoker.java:961)
at org.testng.internal.invokers.TestInvoker.invokeTestMethods(TestInvoker.java:201)
at org.testng.internal.invokers.TestMethodWorker.invokeTestMethods(TestMethodWorker.java:148)
at org.testng.internal.invokers.TestMethodWorker.run(TestMethodWorker.java:128)
at java.base/java.util.ArrayList.forEach(ArrayList.java:1511)
at org.testng.TestRunner.privateRun(TestRunner.java:819)
at org.testng.TestRunner.run(TestRunner.java:619)
at org.testng.SuiteRunner.runTest(SuiteRunner.java:443)
at org.testng.SuiteRunner$SuiteWorker.run(SuiteRunner.java:481)
at org.testng.internal.thread.ThreadUtil.lambda$execute$0(ThreadUtil.java:58)
at java.base/java.util.concurrent.FutureTask.run(FutureTask.java:264)
at java.base/java.util.concurrent.ThreadPoolExecutor.runWorker(ThreadPoolExecutor.java:1136)
at java.base/java.util.concurrent.ThreadPoolExecutor$Worker.run(ThreadPoolExecutor.java:635)
at java.base/java.lang.Thread.run(Thread.java:833)
]]>
            </full-stacktrace>
          </exception> <!-- java.lang.AssertionError -->
          <reporter-output>
          </reporter-output>
        </test-method> <!-- viewUser -->
        <test-method is-config="true" signature="aftermethod()[pri:0, instance:testng.com.Day3@8519cb4]" started-at="2024-03-26T01:05:14 IST" name="aftermethod" finished-at="2024-03-26T01:05:14 IST" duration-ms="1" status="PASS">
          <reporter-output>
          </reporter-output>
        </test-method> <!-- aftermethod -->
        <test-method signature="addUser()[pri:0, instance:testng.com.Day3@8519cb4]" started-at="2024-03-26T01:05:14 IST" name="addUser" finished-at="2024-03-26T01:05:14 IST" depends-on-methods="testng.com.Day3.deleteUser" duration-ms="2" status="PASS">
          <reporter-output>
          </reporter-output>
        </test-method> <!-- addUser -->
        <test-method is-config="true" signature="aftermethod()[pri:0, instance:testng.com.Day3@8519cb4]" started-at="2024-03-26T01:05:14 IST" name="aftermethod" finished-at="2024-03-26T01:05:14 IST" duration-ms="1" status="PASS">
          <reporter-output>
          </reporter-output>
        </test-method> <!-- aftermethod -->
        <test-method signature="edituser()[pri:0, instance:testng.com.Day3@8519cb4]" started-at="2024-03-26T01:05:14 IST" name="edituser" finished-at="2024-03-26T01:05:14 IST" depends-on-methods="testng.com.Day3.viewUser" duration-ms="0" status="SKIP">
          <exception class="java.lang.Throwable">
            <message>
              <![CDATA[Method testng.com.Day3.edituser() on instance testng.com.Day3@8519cb4 depends on not successfully finished methods 
[testng.com.Day3.viewUser() on instance testng.com.Day3@8519cb4]]]>
            </message>
            <full-stacktrace>
              <![CDATA[java.lang.Throwable: Method testng.com.Day3.edituser() on instance testng.com.Day3@8519cb4 depends on not successfully finished methods 
[testng.com.Day3.viewUser() on instance testng.com.Day3@8519cb4]
at org.testng.internal.invokers.TestInvoker.invokeTestMethods(TestInvoker.java:157)
at org.testng.internal.invokers.TestMethodWorker.invokeTestMethods(TestMethodWorker.java:148)
at org.testng.internal.invokers.TestMethodWorker.run(TestMethodWorker.java:128)
at java.base/java.util.ArrayList.forEach(ArrayList.java:1511)
at org.testng.TestRunner.privateRun(TestRunner.java:819)
at org.testng.TestRunner.run(TestRunner.java:619)
at org.testng.SuiteRunner.runTest(SuiteRunner.java:443)
at org.testng.SuiteRunner$SuiteWorker.run(SuiteRunner.java:481)
at org.testng.internal.thread.ThreadUtil.lambda$execute$0(ThreadUtil.java:58)
at java.base/java.util.concurrent.FutureTask.run(FutureTask.java:264)
at java.base/java.util.concurrent.ThreadPoolExecutor.runWorker(ThreadPoolExecutor.java:1136)
at java.base/java.util.concurrent.ThreadPoolExecutor$Worker.run(ThreadPoolExecutor.java:635)
at java.base/java.lang.Thread.run(Thread.java:833)
]]>
            </full-stacktrace>
          </exception> <!-- java.lang.Throwable -->
          <reporter-output>
          </reporter-output>
        </test-method> <!-- edituser -->
      </class> <!-- testng.com.Day3 -->
      <class name="testng.com.Day4">
        <test-method signature="addHotel(java.lang.String)[pri:0, instance:testng.com.Day4@31ea9581]" started-at="2024-03-26T01:05:14 IST" name="addHotel" finished-at="2024-03-26T01:05:14 IST" duration-ms="3" status="PASS">
          <params>
            <param index="0">
              <value>
                <![CDATA[antony@yopmail.com]]>
              </value>
            </param>
          </params>
          <reporter-output>
          </reporter-output>
        </test-method> <!-- addHotel -->
        <test-method signature="deletehotel()[pri:0, instance:testng.com.Day4@31ea9581]" started-at="2024-03-26T01:05:14 IST" name="deletehotel" finished-at="2024-03-26T01:05:14 IST" duration-ms="2" status="PASS">
          <reporter-output>
          </reporter-output>
        </test-method> <!-- deletehotel -->
        <test-method signature="editHotel()[pri:0, instance:testng.com.Day4@31ea9581]" started-at="2024-03-26T01:05:14 IST" name="editHotel" finished-at="2024-03-26T01:05:14 IST" duration-ms="2" status="PASS">
          <reporter-output>
          </reporter-output>
        </test-method> <!-- editHotel -->
        <test-method signature="viewHotel()[pri:0, instance:testng.com.Day4@31ea9581]" started-at="2024-03-26T01:05:14 IST" name="viewHotel" finished-at="2024-03-26T01:05:14 IST" duration-ms="2" status="PASS">
          <reporter-output>
          </reporter-output>
        </test-method> <!-- viewHotel -->
      </class> <!-- testng.com.Day4 -->
      <class name="testng.com.Day_2">
        <test-method signature="mobilelogin()[pri:0, instance:testng.com.Day_2@4a83a74a]" started-at="2024-03-26T01:05:14 IST" name="mobilelogin" finished-at="2024-03-26T01:05:14 IST" duration-ms="4" status="PASS">
          <reporter-output>
          </reporter-output>
        </test-method> <!-- mobilelogin -->
        <test-method signature="mobilelogin2()[pri:0, instance:testng.com.Day_2@4a83a74a]" started-at="2024-03-26T01:05:14 IST" name="mobilelogin2" finished-at="2024-03-26T01:05:14 IST" duration-ms="9" status="PASS">
          <reporter-output>
          </reporter-output>
        </test-method> <!-- mobilelogin2 -->
        <test-method signature="weblogin()[pri:0, instance:testng.com.Day_2@4a83a74a]" started-at="2024-03-26T01:05:14 IST" name="weblogin" finished-at="2024-03-26T01:05:14 IST" duration-ms="2" status="PASS">
          <reporter-output>
          </reporter-output>
        </test-method> <!-- weblogin -->
      </class> <!-- testng.com.Day_2 -->
    </test> <!-- Users -->
  </suite> <!-- Myhotelai -->
</testng-results>
