<?xml version="1.0" encoding="UTF-8"?>
<!-- Generated by org.testng.reporters.JUnitReportReporter -->
<testsuite hostname="ACW-Lap-031" failures="0" tests="4" name="testng.com.Day_2" time="0.015" errors="0" timestamp="2024-03-26T01:05:15 IST" skipped="1">
  <testcase classname="testng.com.Day_2" name="weblogin" time="0.002"/>
  <testcase classname="testng.com.Day_2" name="mobilelogin2" time="0.009"/>
  <testcase classname="testng.com.Day_2" name="mobilelogin" time="0.004"/>
  <testcase classname="testng.com.Day_2" name="enabledmethod">
    <skipped/>
  </testcase> <!-- enabledmethod -->
</testsuite> <!-- testng.com.Day_2 -->
