<?xml version="1.0" encoding="UTF-8"?>
<!-- Generated by org.testng.reporters.JUnitXMLReporter -->
<testsuite ignored="0" hostname="ACW-Lap-031" failures="0" tests="5" name="Order of annotations" time="0.15" errors="0" timestamp="2024-02-14T23:41:23 IST">
  <testcase classname="annotations.Annotations1" name="firsttest" time="0.009"/>
  <testcase classname="annotations.Annotations1" name="secondtest" time="0.006"/>
  <testcase classname="annotations.Annotations1" name="thirdtest" time="0.005"/>
  <testcase classname="annotations.Annotation2" name="firsttest2" time="0.005"/>
  <testcase classname="annotations.Annotations3" name="firsttest3" time="0.003"/>
</testsuite> <!-- Order of annotations -->
