<?xml version="1.0" encoding="UTF-8"?>
<!-- Generated by org.testng.reporters.JUnitXMLReporter -->
<testsuite ignored="0" hostname="ACW-Lap-031" failures="0" tests="6" name="Surefire test" time="0.107" errors="0" timestamp="2024-04-15T17:48:56 IST">
  <testcase classname="FirstMaven.MavenProject.AppiumTest" name="Logout" time="0.011"/>
  <testcase classname="FirstMaven.MavenProject.AppiumTest" name="login" time="0.001"/>
  <testcase classname="FirstMaven.MavenProject.RestApiTest" name="Logout" time="0.001"/>
  <testcase classname="FirstMaven.MavenProject.RestApiTest" name="login" time="0.001"/>
  <testcase classname="FirstMaven.MavenProject.SeleniumTest" name="Logout" time="0.001"/>
  <testcase classname="FirstMaven.MavenProject.SeleniumTest" name="login" time="0.001"/>
</testsuite> <!-- Surefire test -->
