<?xml version="1.0" encoding="UTF-8"?>
<!-- Generated by org.testng.reporters.JUnitXMLReporter -->
<testsuite ignored="0" hostname="ACW-Lap-031" failures="0" tests="4" name="Test" time="0.121" errors="0" timestamp="2024-04-15T17:49:20 IST">
  <testcase classname="FirstMaven.MavenProject.RestApiTest" name="Logout" time="0.017"/>
  <testcase classname="FirstMaven.MavenProject.RestApiTest" name="login" time="0.005"/>
  <testcase classname="FirstMaven.MavenProject.SeleniumTest" name="Logout" time="0.005"/>
  <testcase classname="FirstMaven.MavenProject.SeleniumTest" name="login" time="0.002"/>
</testsuite> <!-- Test -->
