<?xml version="1.0" encoding="UTF-8"?>
<!-- Generated by org.testng.reporters.JUnitXMLReporter -->
<testsuite ignored="0" hostname="ACW-Lap-031" failures="0" tests="3" name="Parameter" time="0.033" errors="0" timestamp="2024-02-20T23:55:46 IST">
  <testcase classname="Final.Parameterization" name="multipletc" time="0.004"/>
  <testcase classname="Final.Parameterization" name="multipletc" time="0.002"/>
  <testcase classname="Final.Parameterization" name="multipletc" time="0.002"/>
</testsuite> <!-- Parameter -->
