<?xml version="1.0" encoding="UTF-8"?>
<!-- Generated by org.testng.reporters.JUnitXMLReporter -->
<testsuite ignored="6" hostname="ACW-Lap-031" failures="0" tests="4" name="Regression" time="0.135" errors="0" timestamp="2024-02-21T23:47:14 IST">
  <testcase classname="Final.Hotels" name="editHotels" time="0.016"/>
  <testcase classname="Final.Users" name="editUsers" time="0.007"/>
  <testcase classname="Final.Tickets" name="editticket" time="0.002"/>
  <testcase classname="Final.Review" name="deleteReview" time="0.002"/>
  <testcase classname="Final.Hotels" name="viewHotels" time="0.0">
    <ignored/>
  </testcase> <!-- viewHotels -->
  <testcase classname="Final.Hotels" name="addHotels" time="0.0">
    <ignored/>
  </testcase> <!-- addHotels -->
  <testcase classname="Final.Users" name="addUsers" time="0.0">
    <ignored/>
  </testcase> <!-- addUsers -->
  <testcase classname="Final.Review" name="sendreview" time="0.0">
    <ignored/>
  </testcase> <!-- sendreview -->
  <testcase classname="Final.Tickets" name="createticket" time="0.0">
    <ignored/>
  </testcase> <!-- createticket -->
  <testcase classname="Final.Users" name="viewUsers" time="0.0">
    <ignored/>
  </testcase> <!-- viewUsers -->
</testsuite> <!-- Regression -->
