<?xml version="1.0" encoding="UTF-8"?>
<!-- Generated by org.testng.reporters.JUnitXMLReporter -->
<testsuite ignored="5" hostname="ACW-Lap-031" failures="0" tests="3" name="Regression" time="0.152" errors="0" timestamp="2024-05-08T13:37:27 IST">
  <testcase classname="Final.Hotels" name="editHotels" time="0.015"/>
  <testcase classname="Final.Users" name="editUsers" time="0.002"/>
  <testcase classname="Final.Tickets" name="editticket" time="0.005"/>
  <testcase classname="Final.Users" name="addUsers" time="0.0">
    <ignored/>
  </testcase> <!-- addUsers -->
  <testcase classname="Final.Hotels" name="viewHotels" time="0.0">
    <ignored/>
  </testcase> <!-- viewHotels -->
  <testcase classname="Final.Tickets" name="createticket" time="0.0">
    <ignored/>
  </testcase> <!-- createticket -->
  <testcase classname="Final.Hotels" name="addHotels" time="0.0">
    <ignored/>
  </testcase> <!-- addHotels -->
  <testcase classname="Final.Users" name="viewUsers" time="0.0">
    <ignored/>
  </testcase> <!-- viewUsers -->
</testsuite> <!-- Regression -->
