<?xml version="1.0" encoding="UTF-8"?>
<!-- Generated by org.testng.reporters.JUnitXMLReporter -->
<testsuite ignored="0" hostname="ACW-Lap-031" failures="0" tests="11" name="package" time="0.215" errors="0" timestamp="2024-02-08T19:34:16 IST">
  <testcase classname="testng.com.Day1" name="print" time="0.014"/>
  <testcase classname="testng.com.Day1" name="print1" time="0.002"/>
  <testcase classname="testng.com.Day3" name="addUser" time="0.002"/>
  <testcase classname="testng.com.Day3" name="deleteUser" time="0.003"/>
  <testcase classname="testng.com.Day3" name="edituser" time="0.005"/>
  <testcase classname="testng.com.Day3" name="viewUser" time="0.006"/>
  <testcase classname="testng.com.Day4" name="addHotel" time="0.006"/>
  <testcase classname="testng.com.Day4" name="deletehotel" time="0.005"/>
  <testcase classname="testng.com.Day4" name="editHotel" time="0.013"/>
  <testcase classname="testng.com.Day4" name="viewHotel" time="0.008"/>
  <testcase classname="testng.com.Day_2" name="main" time="0.008"/>
</testsuite> <!-- package -->
