<?xml version="1.0" encoding="UTF-8"?>
<!-- Generated by org.testng.reporters.JUnitXMLReporter -->
<testsuite ignored="0" hostname="ACW-Lap-031" failures="0" tests="4" name="Test" time="0.099" errors="0" timestamp="2024-04-26T10:24:24 IST">
  <testcase classname="FirstMaven.MavenProject.RestApiTest" name="Logout" time="0.006"/>
  <testcase classname="FirstMaven.MavenProject.RestApiTest" name="login" time="0.0"/>
  <testcase classname="FirstMaven.MavenProject.SeleniumTest" name="Logout" time="0.0"/>
  <testcase classname="FirstMaven.MavenProject.SeleniumTest" name="login" time="0.001"/>
</testsuite> <!-- Test -->
