<?xml version="1.0" encoding="UTF-8"?>
<testng-results ignored="0" total="4" passed="4" failed="0" skipped="0">
  <reporter-output>
  </reporter-output>
  <suite started-at="2024-04-26T10:24:24 IST" name="Suite" finished-at="2024-04-26T10:24:24 IST" duration-ms="99">
    <groups>
    </groups>
    <test started-at="2024-04-26T10:24:24 IST" name="Test" finished-at="2024-04-26T10:24:24 IST" duration-ms="99">
      <class name="FirstMaven.MavenProject.SeleniumTest">
        <test-method signature="Logout()[pri:0, instance:FirstMaven.MavenProject.SeleniumTest@4d5b6aac]" started-at="2024-04-26T10:24:24 IST" name="Logout" finished-at="2024-04-26T10:24:24 IST" duration-ms="0" status="PASS">
          <reporter-output>
          </reporter-output>
        </test-method> <!-- Logout -->
        <test-method signature="login()[pri:0, instance:FirstMaven.MavenProject.SeleniumTest@4d5b6aac]" started-at="2024-04-26T10:24:24 IST" name="login" finished-at="2024-04-26T10:24:24 IST" duration-ms="1" status="PASS">
          <reporter-output>
          </reporter-output>
        </test-method> <!-- login -->
      </class> <!-- FirstMaven.MavenProject.SeleniumTest -->
      <class name="FirstMaven.MavenProject.RestApiTest">
        <test-method signature="Logout()[pri:0, instance:FirstMaven.MavenProject.RestApiTest@101952da]" started-at="2024-04-26T10:24:24 IST" name="Logout" finished-at="2024-04-26T10:24:24 IST" duration-ms="6" status="PASS">
          <reporter-output>
          </reporter-output>
        </test-method> <!-- Logout -->
        <test-method signature="login()[pri:0, instance:FirstMaven.MavenProject.RestApiTest@101952da]" started-at="2024-04-26T10:24:24 IST" name="login" finished-at="2024-04-26T10:24:24 IST" duration-ms="0" status="PASS">
          <reporter-output>
          </reporter-output>
        </test-method> <!-- login -->
      </class> <!-- FirstMaven.MavenProject.RestApiTest -->
    </test> <!-- Test -->
  </suite> <!-- Suite -->
</testng-results>
