<?xml version="1.0" encoding="UTF-8"?>
<testng-results ignored="0" total="4" passed="4" failed="0" skipped="0">
  <reporter-output>
  </reporter-output>
  <suite started-at="2024-04-15T17:49:20 IST" name="Suite" finished-at="2024-04-15T17:49:20 IST" duration-ms="121">
    <groups>
    </groups>
    <test started-at="2024-04-15T17:49:20 IST" name="Test" finished-at="2024-04-15T17:49:20 IST" duration-ms="121">
      <class name="FirstMaven.MavenProject.SeleniumTest">
        <test-method signature="Logout()[pri:0, instance:FirstMaven.MavenProject.SeleniumTest@6340e5f0]" started-at="2024-04-15T17:49:20 IST" name="Logout" finished-at="2024-04-15T17:49:20 IST" duration-ms="5" status="PASS">
          <reporter-output>
          </reporter-output>
        </test-method> <!-- Logout -->
        <test-method signature="login()[pri:0, instance:FirstMaven.MavenProject.SeleniumTest@6340e5f0]" started-at="2024-04-15T17:49:20 IST" name="login" finished-at="2024-04-15T17:49:20 IST" duration-ms="2" status="PASS">
          <reporter-output>
          </reporter-output>
        </test-method> <!-- login -->
      </class> <!-- FirstMaven.MavenProject.SeleniumTest -->
      <class name="FirstMaven.MavenProject.RestApiTest">
        <test-method signature="Logout()[pri:0, instance:FirstMaven.MavenProject.RestApiTest@51c668e3]" started-at="2024-04-15T17:49:20 IST" name="Logout" finished-at="2024-04-15T17:49:20 IST" duration-ms="17" status="PASS">
          <reporter-output>
          </reporter-output>
        </test-method> <!-- Logout -->
        <test-method signature="login()[pri:0, instance:FirstMaven.MavenProject.RestApiTest@51c668e3]" started-at="2024-04-15T17:49:20 IST" name="login" finished-at="2024-04-15T17:49:20 IST" duration-ms="5" status="PASS">
          <reporter-output>
          </reporter-output>
        </test-method> <!-- login -->
      </class> <!-- FirstMaven.MavenProject.RestApiTest -->
    </test> <!-- Test -->
  </suite> <!-- Suite -->
</testng-results>
